This is pdfTeX, Version 3.14159265-2.6-1.40.18 (TeX Live 2017) (preloaded format=pdflatex 2017.5.23)  21 FEB 2020 10:23
entering extended mode
 restricted \write18 enabled.
 file:line:error style messages enabled.
 %&-line parsing enabled.
**ObservingGuide.tex
(./ObservingGuide.tex
LaTeX2e <2017-04-15>
Babel <3.10> and hyphenation patterns for 84 language(s) loaded.
(/usr/local/texlive/2017/texmf-dist/tex/latex/base/report.cls
Document Class: report 2014/09/29 v1.4h Standard LaTeX document class
(/usr/local/texlive/2017/texmf-dist/tex/latex/base/size11.clo
File: size11.clo 2014/09/29 v1.4h Standard LaTeX file (size option)
)
\c@part=\count79
\c@chapter=\count80
\c@section=\count81
\c@subsection=\count82
\c@subsubsection=\count83
\c@paragraph=\count84
\c@subparagraph=\count85
\c@figure=\count86
\c@table=\count87
\abovecaptionskip=\skip41
\belowcaptionskip=\skip42
\bibindent=\dimen102
)
(./adjustbox.sty
Package: adjustbox 2012/05/21 v1.0 Adjusting TeX boxes (trim, clip, ...)

(/usr/local/texlive/2017/texmf-dist/tex/latex/xkeyval/xkeyval.sty
Package: xkeyval 2014/12/03 v2.7a package option processing (HA)

(/usr/local/texlive/2017/texmf-dist/tex/generic/xkeyval/xkeyval.tex
(/usr/local/texlive/2017/texmf-dist/tex/generic/xkeyval/xkvutils.tex
\XKV@toks=\toks14
\XKV@tempa@toks=\toks15

(/usr/local/texlive/2017/texmf-dist/tex/generic/xkeyval/keyval.tex))
\XKV@depth=\count88
File: xkeyval.tex 2014/12/03 v2.7a key=value parser (HA)
))
(./adjcalc.sty
Package: adjcalc 2011/08/07 v1.0 Provides advanced setlength with multiple back
-ends (calc, etex, pgfmath)
) (./trimclip.sty
Package: trimclip 

(/usr/local/texlive/2017/texmf-dist/tex/latex/graphics/graphicx.sty
Package: graphicx 2014/10/28 v1.0g Enhanced LaTeX Graphics (DPC,SPQR)

(/usr/local/texlive/2017/texmf-dist/tex/latex/graphics/graphics.sty
Package: graphics 2017/04/14 v1.1b Standard LaTeX Graphics (DPC,SPQR)

(/usr/local/texlive/2017/texmf-dist/tex/latex/graphics/trig.sty
Package: trig 2016/01/03 v1.10 sin cos tan (DPC)
)
(/usr/local/texlive/2017/texmf-dist/tex/latex/graphics-cfg/graphics.cfg
File: graphics.cfg 2016/06/04 v1.11 sample graphics configuration
)
Package graphics Info: Driver file: pdftex.def on input line 99.

(/usr/local/texlive/2017/texmf-dist/tex/latex/graphics-def/pdftex.def
File: pdftex.def 2017/01/12 v0.06k Graphics/color for pdfTeX

(/usr/local/texlive/2017/texmf-dist/tex/generic/oberdiek/infwarerr.sty
Package: infwarerr 2016/05/16 v1.4 Providing info/warning/error messages (HO)
)
(/usr/local/texlive/2017/texmf-dist/tex/generic/oberdiek/ltxcmds.sty
Package: ltxcmds 2016/05/16 v1.23 LaTeX kernel commands for general use (HO)
)
\Gread@gobject=\count89
))
\Gin@req@height=\dimen103
\Gin@req@width=\dimen104
)
(./collectbox.sty
Package: collectbox 2012/05/17 v0.4b Collect macro arguments as boxes
\collectedbox=\box26
)
\tc@llx=\dimen105
\tc@lly=\dimen106
\tc@urx=\dimen107
\tc@ury=\dimen108
Package trimclip Info: Using driver 'tc-pdftex.def'. on input line 380.

(/usr/local/texlive/2017/texmf-dist/tex/latex/adjustbox/tc-pdftex.def
File: tc-pdftex.def 2012/05/13 v1.0 Clipping driver for pdftex
))
\adjbox@Width=\dimen109
\adjbox@Height=\dimen110
\adjbox@Depth=\dimen111
\adjbox@Totalheight=\dimen112

(/usr/local/texlive/2017/texmf-dist/tex/latex/ifoddpage/ifoddpage.sty
Package: ifoddpage 2016/04/23 v1.1 Conditionals for odd/even page detection
\c@checkoddpage=\count90
)
(/usr/local/texlive/2017/texmf-dist/tex/latex/varwidth/varwidth.sty
Package: varwidth 2009/03/30 ver 0.92;  Variable-width minipages
\@vwid@box=\box27
\sift@deathcycles=\count91
\@vwid@loff=\dimen113
\@vwid@roff=\dimen114
))
(/usr/local/texlive/2017/texmf-dist/tex/latex/xcolor/xcolor.sty
Package: xcolor 2016/05/11 v2.12 LaTeX color extensions (UK)

(/usr/local/texlive/2017/texmf-dist/tex/latex/graphics-cfg/color.cfg
File: color.cfg 2016/01/02 v1.6 sample color configuration
)
Package xcolor Info: Driver file: pdftex.def on input line 225.
Package xcolor Info: Model `cmy' substituted by `cmy0' on input line 1348.
Package xcolor Info: Model `hsb' substituted by `rgb' on input line 1352.
Package xcolor Info: Model `RGB' extended on input line 1364.
Package xcolor Info: Model `HTML' substituted by `rgb' on input line 1366.
Package xcolor Info: Model `Hsb' substituted by `hsb' on input line 1367.
Package xcolor Info: Model `tHsb' substituted by `hsb' on input line 1368.
Package xcolor Info: Model `HSB' substituted by `hsb' on input line 1369.
Package xcolor Info: Model `Gray' substituted by `gray' on input line 1370.
Package xcolor Info: Model `wave' substituted by `hsb' on input line 1371.
)
(/usr/local/texlive/2017/texmf-dist/tex/latex/was/gensymb.sty
Package: gensymb 2003/07/02 v1.0 (WaS)
)
(./ObservingGuide.aux)
\openout1 = `ObservingGuide.aux'.

LaTeX Font Info:    Checking defaults for OML/cmm/m/it on input line 18.
LaTeX Font Info:    ... okay on input line 18.
LaTeX Font Info:    Checking defaults for T1/cmr/m/n on input line 18.
LaTeX Font Info:    ... okay on input line 18.
LaTeX Font Info:    Checking defaults for OT1/cmr/m/n on input line 18.
LaTeX Font Info:    ... okay on input line 18.
LaTeX Font Info:    Checking defaults for OMS/cmsy/m/n on input line 18.
LaTeX Font Info:    ... okay on input line 18.
LaTeX Font Info:    Checking defaults for OMX/cmex/m/n on input line 18.
LaTeX Font Info:    ... okay on input line 18.
LaTeX Font Info:    Checking defaults for U/cmr/m/n on input line 18.
LaTeX Font Info:    ... okay on input line 18.

(/usr/local/texlive/2017/texmf-dist/tex/context/base/mkii/supp-pdf.mkii
[Loading MPS to PDF converter (version 2006.09.02).]
\scratchcounter=\count92
\scratchdimen=\dimen115
\scratchbox=\box28
\nofMPsegments=\count93
\nofMParguments=\count94
\everyMPshowfont=\toks16
\MPscratchCnt=\count95
\MPscratchDim=\dimen116
\MPnumerator=\count96
\makeMPintoPDFobject=\count97
\everyMPtoPDFconversion=\toks17
) (/usr/local/texlive/2017/texmf-dist/tex/generic/oberdiek/pdftexcmds.sty
Package: pdftexcmds 2017/03/19 v0.25 Utility functions of pdfTeX for LuaTeX (HO
)

(/usr/local/texlive/2017/texmf-dist/tex/generic/oberdiek/ifluatex.sty
Package: ifluatex 2016/05/16 v1.4 Provides the ifluatex switch (HO)
Package ifluatex Info: LuaTeX not detected.
)
(/usr/local/texlive/2017/texmf-dist/tex/generic/oberdiek/ifpdf.sty
Package: ifpdf 2017/03/15 v3.2 Provides the ifpdf switch
)
Package pdftexcmds Info: LuaTeX not detected.
Package pdftexcmds Info: \pdf@primitive is available.
Package pdftexcmds Info: \pdf@ifprimitive is available.
Package pdftexcmds Info: \pdfdraftmode found.
)
(/usr/local/texlive/2017/texmf-dist/tex/latex/oberdiek/epstopdf-base.sty
Package: epstopdf-base 2016/05/15 v2.6 Base part for package epstopdf

(/usr/local/texlive/2017/texmf-dist/tex/latex/oberdiek/grfext.sty
Package: grfext 2016/05/16 v1.2 Manage graphics extensions (HO)

(/usr/local/texlive/2017/texmf-dist/tex/generic/oberdiek/kvdefinekeys.sty
Package: kvdefinekeys 2016/05/16 v1.4 Define keys (HO)
))
(/usr/local/texlive/2017/texmf-dist/tex/latex/oberdiek/kvoptions.sty
Package: kvoptions 2016/05/16 v3.12 Key value format for package options (HO)

(/usr/local/texlive/2017/texmf-dist/tex/generic/oberdiek/kvsetkeys.sty
Package: kvsetkeys 2016/05/16 v1.17 Key value parser (HO)

(/usr/local/texlive/2017/texmf-dist/tex/generic/oberdiek/etexcmds.sty
Package: etexcmds 2016/05/16 v1.6 Avoid name clashes with e-TeX commands (HO)
Package etexcmds Info: Could not find \expanded.
(etexcmds)             That can mean that you are not using pdfTeX 1.50 or
(etexcmds)             that some package has redefined \expanded.
(etexcmds)             In the latter case, load this package earlier.
)))
Package epstopdf-base Info: Redefining graphics rule for `.eps' on input line 4
38.
Package grfext Info: Graphics extension search list:
(grfext)             [.png,.pdf,.jpg,.mps,.jpeg,.jbig2,.jb2,.PNG,.PDF,.JPG,.JPE
G,.JBIG2,.JB2,.eps]
(grfext)             \AppendGraphicsExtensions on input line 456.

(/usr/local/texlive/2017/texmf-dist/tex/latex/latexconfig/epstopdf-sys.cfg
File: epstopdf-sys.cfg 2010/07/13 v1.3 Configuration of (r)epstopdf for TeX Liv
e
))
LaTeX Info: Redefining \celsius on input line 18.
Package gensymb Info: Faking symbols for \degree and \celsius on input line 18.



Package gensymb Warning: Not defining \perthousand.

LaTeX Info: Redefining \ohm on input line 18.
Package gensymb Info: Using \Omega for \ohm on input line 18.

Package gensymb Warning: Not defining \micro.

<Title.jpg, id=1, 2975.115pt x 1983.41pt>
File: Title.jpg Graphic file (type jpg)
 <use Title.jpg>
Package pdftex.def Info: Title.jpg used on input line 29.
(pdftex.def)             Requested size: 487.78584pt x 325.215pt.

Overfull \hbox (18.03085pt too wide) in paragraph at lines 29--30
 [] 
 []

LaTeX Font Info:    External font `cmex10' loaded for size
(Font)              <10.95> on input line 42.
LaTeX Font Info:    External font `cmex10' loaded for size
(Font)              <8> on input line 42.
LaTeX Font Info:    External font `cmex10' loaded for size
(Font)              <6> on input line 42.
[1

{/usr/local/texlive/2017/texmf-var/fonts/map/pdftex/updmap/pdftex.map} <./Title
.jpg>] (./ObservingGuide.toc)
\tf@toc=\write3
\openout3 = `ObservingGuide.toc'.

 [1

]
Chapter 1.
LaTeX Font Info:    Try loading font information for OMS+cmr on input line 61.
(/usr/local/texlive/2017/texmf-dist/tex/latex/base/omscmr.fd
File: omscmr.fd 2014/09/29 v2.5h Standard LaTeX font definitions
)
LaTeX Font Info:    Font shape `OMS/cmr/m/n' in size <10.95> not available
(Font)              Font shape `OMS/cmsy/m/n' tried instead on input line 61.

Overfull \hbox (41.21527pt too wide) in paragraph at lines 73--74
[]\OT1/cmr/m/n/10.95 Create a di-rec-tory for the tar-get you are ob-serv-ing i
n the raw folder (/home/depot/STEPUP/raw)
 []

[2

]
Overfull \hbox (15.12541pt too wide) in paragraph at lines 81--82
[]\OT1/cmr/m/n/10.95 On the Ptolemy com-puter, open the ter-mi-nal and type: \O
T1/cmr/bx/n/10.95 vncviewer ao-keeler.phyast.pitt.edu\OT1/cmr/m/n/10.95 .
 []

[3] <Screenshot.png, id=25, 583.17876pt x 314.17375pt>
File: Screenshot.png Graphic file (type png)
 <use Screenshot.png>
Package pdftex.def Info: Screenshot.png used on input line 112.
(pdftex.def)             Requested size: 241.46297pt x 130.084pt.


LaTeX Warning: `!h' float specifier changed to `!ht'.

[4] [5 <./Screenshot.png>]
Overfull \hbox (4.07474pt too wide) in paragraph at lines 149--150
[]\OT1/cmr/m/n/10.95 In the MaxIM CCD \OT1/cmr/m/it/10.95 Se-quence \OT1/cmr/m/
n/10.95 tab, click on \OT1/cmr/m/it/10.95 Op-tions $\OMS/cmsy/m/n/10.95 !$ \OT1
/cmr/m/it/10.95 Setup Se-quence\OT1/cmr/m/n/10.95 . Uncheck any previously-
 []

[6] [7]
Chapter 2.
[8

]
Chapter 3.
[9

] [10]
Chapter 4.
[11

]
Chapter 5.
[12

] [13]
Chapter 6.

Underfull \hbox (badness 10000) in paragraph at lines 269--337

 []


Underfull \hbox (badness 10000) in paragraph at lines 269--337

 []


Underfull \hbox (badness 10000) in paragraph at lines 269--337

 []


Underfull \hbox (badness 10000) in paragraph at lines 269--337

 []


Underfull \hbox (badness 10000) in paragraph at lines 269--337

 []


Underfull \hbox (badness 10000) in paragraph at lines 269--337

 []


Underfull \hbox (badness 10000) in paragraph at lines 269--337

 []


Underfull \hbox (badness 10000) in paragraph at lines 269--337

 []


Underfull \hbox (badness 10000) in paragraph at lines 269--337

 []


Underfull \hbox (badness 10000) in paragraph at lines 269--337

 []


Underfull \hbox (badness 10000) in paragraph at lines 269--337

 []


Underfull \hbox (badness 10000) in paragraph at lines 269--337

 []


Underfull \hbox (badness 10000) in paragraph at lines 269--337

 []


Underfull \hbox (badness 10000) in paragraph at lines 269--337

 []


Underfull \hbox (badness 10000) in paragraph at lines 269--337

 []


Underfull \hbox (badness 10000) in paragraph at lines 269--337

 []


Underfull \hbox (badness 10000) in paragraph at lines 269--337

 []


Underfull \hbox (badness 10000) in paragraph at lines 269--337

 []


Underfull \hbox (badness 10000) in paragraph at lines 269--337

 []


Underfull \hbox (badness 10000) in paragraph at lines 269--337

 []


Underfull \hbox (badness 10000) in paragraph at lines 269--337

 []


Underfull \hbox (badness 10000) in paragraph at lines 269--337

 []


Underfull \hbox (badness 10000) in paragraph at lines 269--337

 []


Underfull \hbox (badness 10000) in paragraph at lines 269--337

 []


Underfull \hbox (badness 10000) in paragraph at lines 269--337

 []


Underfull \hbox (badness 10000) in paragraph at lines 269--337

 []


Underfull \hbox (badness 10000) in paragraph at lines 269--337

 []


Underfull \hbox (badness 10000) in paragraph at lines 269--337

 []


Underfull \hbox (badness 10000) in paragraph at lines 269--337

 []


Underfull \hbox (badness 10000) in paragraph at lines 269--337

 []


Underfull \hbox (badness 10000) in paragraph at lines 269--337

 []


Underfull \hbox (badness 10000) in paragraph at lines 269--337

 []


Underfull \hbox (badness 10000) in paragraph at lines 269--337

 []


Underfull \hbox (badness 10000) in paragraph at lines 269--337

 []


Underfull \hbox (badness 10000) in paragraph at lines 269--337

 []


Underfull \hbox (badness 10000) in paragraph at lines 269--337

 []


Underfull \hbox (badness 10000) in paragraph at lines 269--337

 []


Underfull \hbox (badness 10000) in paragraph at lines 269--337

 []


Underfull \hbox (badness 10000) in paragraph at lines 269--337

 []


Underfull \hbox (badness 10000) in paragraph at lines 269--337

 []


Underfull \hbox (badness 10000) in paragraph at lines 269--337

 []


Underfull \hbox (badness 10000) in paragraph at lines 269--337

 []


Underfull \hbox (badness 10000) in paragraph at lines 269--337

 []


Underfull \hbox (badness 10000) in paragraph at lines 269--337

 []


Underfull \hbox (badness 10000) in paragraph at lines 269--337

 []

[14

] [15] [16] (./ObservingGuide.aux) ) 
Here is how much of TeX's memory you used:
 2783 strings out of 492995
 39693 string characters out of 6132704
 110645 words of memory out of 5000000
 6290 multiletter control sequences out of 15000+600000
 10456 words of font info for 36 fonts, out of 8000000 for 9000
 1141 hyphenation exceptions out of 8191
 40i,6n,37p,945b,392s stack positions out of 5000i,500n,10000p,200000b,80000s
</usr/local/texlive/2017/texmf-dist/fonts/t
ype1/public/amsfonts/cm/cmbx10.pfb></usr/local/texlive/2017/texmf-dist/fonts/ty
pe1/public/amsfonts/cm/cmbx12.pfb></usr/local/texlive/2017/texmf-dist/fonts/typ
e1/public/amsfonts/cm/cmbxti10.pfb></usr/local/texlive/2017/texmf-dist/fonts/ty
pe1/public/amsfonts/cm/cmcsc10.pfb></usr/local/texlive/2017/texmf-dist/fonts/ty
pe1/public/amsfonts/cm/cmmi10.pfb></usr/local/texlive/2017/texmf-dist/fonts/typ
e1/public/amsfonts/cm/cmr10.pfb></usr/local/texlive/2017/texmf-dist/fonts/type1
/public/amsfonts/cm/cmr12.pfb></usr/local/texlive/2017/texmf-dist/fonts/type1/p
ublic/amsfonts/cm/cmsy10.pfb></usr/local/texlive/2017/texmf-dist/fonts/type1/pu
blic/amsfonts/cm/cmsy8.pfb></usr/local/texlive/2017/texmf-dist/fonts/type1/publ
ic/amsfonts/cm/cmti10.pfb></usr/local/texlive/2017/texmf-dist/fonts/type1/publi
c/amsfonts/cm/cmti12.pfb>
Output written on ObservingGuide.pdf (17 pages, 2656055 bytes).
PDF statistics:
 107 PDF objects out of 1000 (max. 8388607)
 73 compressed objects within 1 object stream
 0 named destinations out of 1000 (max. 500000)
 11 words of extra memory for PDF output out of 10000 (max. 10000000)

